SF:lib/domain/entities/mdx_character.dart
DA:17,6
DA:28,1
DA:29,2
LF:3
LH:3
end_of_record
SF:lib/data/mdx_character_repository_imp.dart
DA:6,1
DA:8,1
DA:10,2
DA:12,1
DA:14,2
DA:16,1
DA:18,2
DA:20,1
DA:22,2
LF:9
LH:9
end_of_record
SF:lib/domain/entities/mdx_character_filters.dart
DA:10,2
LF:1
LH:1
end_of_record
SF:lib/domain/use_cases/mdx_get_all_characters_imp.dart
DA:7,1
DA:9,1
DA:12,2
DA:13,1
DA:15,2
LF:5
LH:5
end_of_record
SF:lib/domain/use_cases/mdx_get_character_by_id_imp.dart
DA:7,1
DA:9,1
DA:12,2
DA:13,1
DA:15,2
LF:5
LH:5
end_of_record
SF:lib/domain/use_cases/mdx_get_characters_by_filters_imp.dart
DA:7,1
DA:9,1
DA:14,2
DA:15,1
DA:17,2
LF:5
LH:5
end_of_record
SF:lib/domain/use_cases/mdx_get_characters_by_ids_imp.dart
DA:7,1
DA:9,1
DA:12,2
DA:13,1
DA:15,2
LF:5
LH:5
end_of_record
