SF:lib/data/datasource/mdx_character_cloud_data_source_imp.dart
DA:8,1
DA:12,1
DA:14,2
DA:16,1
DA:17,1
DA:18,1
DA:20,4
DA:21,1
DA:23,1
DA:24,1
DA:28,1
DA:29,2
DA:31,3
DA:32,1
DA:35,1
DA:37,2
DA:39,1
DA:40,2
DA:41,2
DA:42,1
DA:43,1
DA:45,1
DA:47,2
DA:49,1
DA:50,1
DA:51,1
DA:53,4
DA:54,1
DA:56,2
LF:29
LH:29
end_of_record
SF:lib/data/datasource/models/mdx_character_dto.dart
DA:5,2
DA:16,2
DA:18,2
DA:19,2
DA:20,2
DA:21,4
DA:22,2
DA:23,2
DA:24,4
DA:25,2
DA:26,4
DA:29,1
DA:33,2
DA:35,2
DA:37,2
DA:44,2
DA:46,2
DA:48,2
DA:50,2
DA:57,2
DA:58,2
DA:59,2
DA:60,2
DA:61,2
DA:62,2
DA:63,2
DA:64,2
DA:65,2
DA:66,2
LF:29
LH:29
end_of_record
SF:lib/domain/entities/mdx_character.dart
DA:17,8
DA:28,1
DA:29,2
LF:3
LH:3
end_of_record
SF:lib/data/datasource/models/mdx_character_filter_dto.dart
DA:4,1
DA:12,1
DA:13,1
DA:14,1
DA:15,1
DA:16,1
DA:17,1
DA:18,1
DA:21,1
DA:22,1
DA:24,1
DA:25,1
DA:26,1
DA:27,1
DA:28,1
DA:29,2
DA:32,2
DA:34,1
LF:18
LH:18
end_of_record
SF:lib/domain/entities/mdx_character_filters.dart
DA:10,4
LF:1
LH:1
end_of_record
SF:lib/data/mdx_character_repository_imp.dart
DA:6,1
DA:8,1
DA:10,2
DA:12,1
DA:14,2
DA:16,1
DA:18,2
DA:20,1
DA:22,2
LF:9
LH:9
end_of_record
SF:lib/domain/use_cases/mdx_get_all_characters_imp.dart
DA:7,1
DA:9,1
DA:12,2
DA:13,1
DA:15,2
LF:5
LH:5
end_of_record
SF:lib/domain/use_cases/mdx_get_character_by_id_imp.dart
DA:7,1
DA:9,1
DA:12,2
DA:13,1
DA:15,2
LF:5
LH:5
end_of_record
SF:lib/domain/use_cases/mdx_get_characters_by_filters_imp.dart
DA:7,1
DA:9,1
DA:14,2
DA:15,1
DA:17,2
LF:5
LH:5
end_of_record
SF:lib/domain/use_cases/mdx_get_characters_by_ids_imp.dart
DA:7,1
DA:9,1
DA:12,2
DA:13,1
DA:15,2
LF:5
LH:5
end_of_record
